#
# There is insufficient memory for the Java Runtime Environment to continue.
# Native memory allocation (malloc) failed to allocate 32744 bytes for Chunk::new
# Possible reasons:
#   The system is out of physical RAM or swap space
#   The process is running with CompressedOops enabled, and the Java Heap may be blocking the growth of the native heap
# Possible solutions:
#   Reduce memory load on the system
#   Increase physical memory or swap space
#   Check if swap backing store is full
#   Decrease Java heap size (-Xmx/-Xms)
#   Decrease number of Java threads
#   Decrease Java thread stack sizes (-Xss)
#   Set larger code cache with -XX:ReservedCodeCacheSize=
#   JVM is running with Unscaled Compressed Oops mode in which the Java heap is
#     placed in the first 4GB address space. The Java Heap base address is the
#     maximum limit for the native heap growth. Please use -XX:HeapBaseMinAddress
#     to set the Java Heap base and to place the Java Heap above 4GB virtual address.
# This output file may be truncated or incomplete.
#
#  Out of Memory Error (arena.cpp:184), pid=11052, tid=23528
#
# JRE version: OpenJDK Runtime Environment (19.0.2+7) (build 19.0.2+7-44)
# Java VM: OpenJDK 64-Bit Server VM (19.0.2+7-44, mixed mode, sharing, tiered, compressed oops, compressed class ptrs, g1 gc, windows-amd64)
# No core dump will be written. Minidumps are not enabled by default on client versions of Windows
#

---------------  S U M M A R Y ------------

Command Line: -ea -Didea.test.cyclic.buffer.size=1048576 -javaagent:C:\Program Files\JetBrains\IntelliJ IDEA Community Edition 2022.3.2\lib\idea_rt.jar=58886:C:\Program Files\JetBrains\IntelliJ IDEA Community Edition 2022.3.2\bin -Dfile.encoding=UTF-8 -Dsun.stdout.encoding=UTF-8 -Dsun.stderr.encoding=UTF-8 com.intellij.rt.testng.RemoteTestNGStarter -usedefaultlisteners false -socket58885 @w@C:\Users\gabriel.velez\AppData\Local\Temp\idea_working_dirs_testng.tmp -temp C:\Users\gabriel.velez\AppData\Local\Temp\idea_testng.tmp

Host: Intel(R) Core(TM) i5-8365U CPU @ 1.60GHz, 8 cores, 7G,  Windows 11 , 64 bit Build 22000 (10.0.22000.1516)
Time: Wed Mar  1 16:13:31 2023 Hora estándar central (México) elapsed time: 15.172860 seconds (0d 0h 0m 15s)

---------------  T H R E A D  ---------------

Current thread (0x00000192ffb2c320):  JavaThread "C2 CompilerThread0" daemon [_thread_in_native, id=23528, stack(0x0000007d35f00000,0x0000007d36000000)]


Current CompileTask:
C2:  15173 1827   !   4       java.io.PrintStream::write (81 bytes)

Stack: [0x0000007d35f00000,0x0000007d36000000]
Native frames: (J=compiled Java code, j=interpreted, Vv=VM code, C=native code)
V  [jvm.dll+0x6ee21a]
V  [jvm.dll+0x85765e]
V  [jvm.dll+0x85904e]
V  [jvm.dll+0x859703]
V  [jvm.dll+0x28298f]
V  [jvm.dll+0xc9adf]
V  [jvm.dll+0xc9e65]
V  [jvm.dll+0x67f497]
V  [jvm.dll+0x680c05]
V  [jvm.dll+0x67f064]
V  [jvm.dll+0x24c25e]
V  [jvm.dll+0x24b781]
V  [jvm.dll+0x1d6ce1]
V  [jvm.dll+0x25b25a]
V  [jvm.dll+0x2596e8]
V  [jvm.dll+0x807588]
V  [jvm.dll+0x80125a]
V  [jvm.dll+0x6ecf0b]
C  [ucrtbase.dll+0x26c0c]
C  [KERNEL32.DLL+0x155a0]
C  [ntdll.dll+0x485b]


---------------  P R O C E S S  ---------------

Threads class SMR info:
_java_thread_list=0x0000019285097240, length=19, elements={
0x00000192e1642b80, 0x00000192ffb18a30, 0x00000192ffb1b510, 0x00000192ffb22770,
0x00000192ffb230a0, 0x00000192ffb25d20, 0x00000192ffb2b910, 0x00000192ffb2c320,
0x00000192ffb38a60, 0x00000192ffb3e000, 0x00000192840f9ea0, 0x00000192840fa940,
0x00000192840f9950, 0x00000192840fa3f0, 0x00000192840fc3d0, 0x00000192840fce70,
0x00000192840fae90, 0x00000192840fb3e0, 0x00000192840fb930
}

Java Threads: ( => current thread )
  0x00000192e1642b80 JavaThread "Forwarding newSession on session null to remote" [_thread_in_native, id=6900, stack(0x0000007d35200000,0x0000007d35300000)]
  0x00000192ffb18a30 JavaThread "Reference Handler" daemon [_thread_blocked, id=13388, stack(0x0000007d35900000,0x0000007d35a00000)]
  0x00000192ffb1b510 JavaThread "Finalizer" daemon [_thread_blocked, id=24928, stack(0x0000007d35a00000,0x0000007d35b00000)]
  0x00000192ffb22770 JavaThread "Signal Dispatcher" daemon [_thread_blocked, id=16088, stack(0x0000007d35b00000,0x0000007d35c00000)]
  0x00000192ffb230a0 JavaThread "Attach Listener" daemon [_thread_blocked, id=18984, stack(0x0000007d35c00000,0x0000007d35d00000)]
  0x00000192ffb25d20 JavaThread "Service Thread" daemon [_thread_blocked, id=3656, stack(0x0000007d35d00000,0x0000007d35e00000)]
  0x00000192ffb2b910 JavaThread "Monitor Deflation Thread" daemon [_thread_blocked, id=18948, stack(0x0000007d35e00000,0x0000007d35f00000)]
=>0x00000192ffb2c320 JavaThread "C2 CompilerThread0" daemon [_thread_in_native, id=23528, stack(0x0000007d35f00000,0x0000007d36000000)]
  0x00000192ffb38a60 JavaThread "C1 CompilerThread0" daemon [_thread_blocked, id=21856, stack(0x0000007d36000000,0x0000007d36100000)]
  0x00000192ffb3e000 JavaThread "Sweeper thread" daemon [_thread_blocked, id=25988, stack(0x0000007d36100000,0x0000007d36200000)]
  0x00000192840f9ea0 JavaThread "Common-Cleaner" daemon [_thread_blocked, id=7480, stack(0x0000007d36200000,0x0000007d36300000)]
  0x00000192840fa940 JavaThread "Monitor Ctrl-Break" daemon [_thread_in_native, id=9156, stack(0x0000007d36300000,0x0000007d36400000)]
  0x00000192840f9950 JavaThread "Notification Thread" daemon [_thread_blocked, id=9676, stack(0x0000007d36400000,0x0000007d36500000)]
  0x00000192840fa3f0 JavaThread "Exec Default Executor" daemon [_thread_in_native, id=29368, stack(0x0000007d36d00000,0x0000007d36e00000)]
  0x00000192840fc3d0 JavaThread "Exec Stream Pumper" daemon [_thread_in_native, id=1368, stack(0x0000007d37000000,0x0000007d37100000)]
  0x00000192840fce70 JavaThread "Exec Stream Pumper" daemon [_thread_in_native, id=26352, stack(0x0000007d37100000,0x0000007d37200000)]
  0x00000192840fae90 JavaThread "ForkJoinPool.commonPool-worker-1" daemon [_thread_blocked, id=22000, stack(0x0000007d37200000,0x0000007d37300000)]
  0x00000192840fb3e0 JavaThread "OkHttp ConnectionPool" daemon [_thread_blocked, id=22888, stack(0x0000007d37300000,0x0000007d37400000)]
  0x00000192840fb930 JavaThread "Okio Watchdog" daemon [_thread_blocked, id=30676, stack(0x0000007d37400000,0x0000007d37500000)]

Other Threads:
  0x00000192ffb056a0 VMThread "VM Thread" [stack: 0x0000007d35800000,0x0000007d35900000] [id=16764]
  0x00000192842fe310 WatcherThread "VM Periodic Task Thread" [stack: 0x0000007d36500000,0x0000007d36600000] [id=9744]
  0x00000192e169dbe0 WorkerThread "GC Thread#0" [stack: 0x0000007d35300000,0x0000007d35400000] [id=29768]
  0x0000019284b46080 WorkerThread "GC Thread#1" [stack: 0x0000007d36600000,0x0000007d36700000] [id=24260]
  0x0000019284b479d0 WorkerThread "GC Thread#2" [stack: 0x0000007d36700000,0x0000007d36800000] [id=30048]
  0x0000019284b46e90 WorkerThread "GC Thread#3" [stack: 0x0000007d36800000,0x0000007d36900000] [id=576]
  0x0000019284b468f0 WorkerThread "GC Thread#4" [stack: 0x0000007d36900000,0x0000007d36a00000] [id=12200]
  0x0000019284b46350 WorkerThread "GC Thread#5" [stack: 0x0000007d36a00000,0x0000007d36b00000] [id=14416]
  0x0000019284b46620 WorkerThread "GC Thread#6" [stack: 0x0000007d36b00000,0x0000007d36c00000] [id=12476]
  0x0000019284b46bc0 WorkerThread "GC Thread#7" [stack: 0x0000007d36c00000,0x0000007d36d00000] [id=19812]
  0x00000192e16ae740 ConcurrentGCThread "G1 Main Marker" [stack: 0x0000007d35400000,0x0000007d35500000] [id=13692]
  0x00000192e16b0bf0 WorkerThread "G1 Conc#0" [stack: 0x0000007d35500000,0x0000007d35600000] [id=17412]
  0x00000192ff9b46a0 ConcurrentGCThread "G1 Refine#0" [stack: 0x0000007d35600000,0x0000007d35700000] [id=29260]
  0x00000192ff9b4e90 ConcurrentGCThread "G1 Service" [stack: 0x0000007d35700000,0x0000007d35800000] [id=30208]

Threads with active compile tasks:
C2 CompilerThread0    15262 1827   !   4       java.io.PrintStream::write (81 bytes)

VM state: not at safepoint (normal execution)

VM Mutex/Monitor currently owned by a thread: None

Heap address: 0x0000000083000000, size: 2000 MB, Compressed Oops mode: 32-bit

CDS archive(s) mapped at: [0x0000000800000000-0x0000000800c40000-0x0000000800c40000), size 12845056, SharedBaseAddress: 0x0000000800000000, ArchiveRelocationMode: 0.
Compressed class space mapped at: 0x0000000801000000-0x0000000841000000, reserved size: 1073741824
Narrow klass base: 0x0000000800000000, Narrow klass shift: 0, Narrow klass range: 0x100000000

GC Precious Log:
 CardTable entry size: 512
 Card Set container configuration: InlinePtr #cards 5 size 8 Array Of Cards #cards 12 size 40 Howl #buckets 4 coarsen threshold 1843 Howl Bitmap #cards 512 size 80 coarsen threshold 460 Card regions per heap region 1 cards per card region 2048
 CPUs: 8 total, 8 available
 Memory: 7998M
 Large Page Support: Disabled
 NUMA Support: Disabled
 Compressed Oops: Enabled (32-bit)
 Heap Region Size: 1M
 Heap Min Capacity: 8M
 Heap Initial Capacity: 126M
 Heap Max Capacity: 2000M
 Pre-touch: Disabled
 Parallel Workers: 8
 Concurrent Workers: 2
 Concurrent Refinement Workers: 8
 Periodic GC: Disabled

Heap:
 garbage-first heap   total 129024K, used 18709K [0x0000000083000000, 0x0000000100000000)
  region size 1024K, 17 young (17408K), 3 survivors (3072K)
 Metaspace       used 13099K, committed 13312K, reserved 1114112K
  class space    used 1492K, committed 1600K, reserved 1048576K

Heap Regions: E=young(eden), S=young(survivor), O=old, HS=humongous(starts), HC=humongous(continues), CS=collection set, F=free, OA=open archive, CA=closed archive, TAMS=top-at-mark-start (previous, next)
|   0|0x0000000083000000, 0x0000000083100000, 0x0000000083100000|100%| O|  |TAMS 0x0000000083000000, 0x0000000083000000| Untracked 
|   1|0x0000000083100000, 0x0000000083200000, 0x0000000083200000|100%| O|  |TAMS 0x0000000083100000, 0x0000000083100000| Untracked 
|   2|0x0000000083200000, 0x0000000083245600, 0x0000000083300000| 27%| O|  |TAMS 0x0000000083200000, 0x0000000083200000| Untracked 
|   3|0x0000000083300000, 0x0000000083300000, 0x0000000083400000|  0%| F|  |TAMS 0x0000000083300000, 0x0000000083300000| Untracked 
|   4|0x0000000083400000, 0x0000000083400000, 0x0000000083500000|  0%| F|  |TAMS 0x0000000083400000, 0x0000000083400000| Untracked 
|   5|0x0000000083500000, 0x0000000083500000, 0x0000000083600000|  0%| F|  |TAMS 0x0000000083500000, 0x0000000083500000| Untracked 
|   6|0x0000000083600000, 0x0000000083600000, 0x0000000083700000|  0%| F|  |TAMS 0x0000000083600000, 0x0000000083600000| Untracked 
|   7|0x0000000083700000, 0x0000000083700000, 0x0000000083800000|  0%| F|  |TAMS 0x0000000083700000, 0x0000000083700000| Untracked 
|   8|0x0000000083800000, 0x0000000083800000, 0x0000000083900000|  0%| F|  |TAMS 0x0000000083800000, 0x0000000083800000| Untracked 
|   9|0x0000000083900000, 0x0000000083900000, 0x0000000083a00000|  0%| F|  |TAMS 0x0000000083900000, 0x0000000083900000| Untracked 
|  10|0x0000000083a00000, 0x0000000083a00000, 0x0000000083b00000|  0%| F|  |TAMS 0x0000000083a00000, 0x0000000083a00000| Untracked 
|  11|0x0000000083b00000, 0x0000000083b00000, 0x0000000083c00000|  0%| F|  |TAMS 0x0000000083b00000, 0x0000000083b00000| Untracked 
|  12|0x0000000083c00000, 0x0000000083c00000, 0x0000000083d00000|  0%| F|  |TAMS 0x0000000083c00000, 0x0000000083c00000| Untracked 
|  13|0x0000000083d00000, 0x0000000083d00000, 0x0000000083e00000|  0%| F|  |TAMS 0x0000000083d00000, 0x0000000083d00000| Untracked 
|  14|0x0000000083e00000, 0x0000000083e00000, 0x0000000083f00000|  0%| F|  |TAMS 0x0000000083e00000, 0x0000000083e00000| Untracked 
|  15|0x0000000083f00000, 0x0000000083f00000, 0x0000000084000000|  0%| F|  |TAMS 0x0000000083f00000, 0x0000000083f00000| Untracked 
|  16|0x0000000084000000, 0x0000000084000000, 0x0000000084100000|  0%| F|  |TAMS 0x0000000084000000, 0x0000000084000000| Untracked 
|  17|0x0000000084100000, 0x0000000084100000, 0x0000000084200000|  0%| F|  |TAMS 0x0000000084100000, 0x0000000084100000| Untracked 
|  18|0x0000000084200000, 0x0000000084200000, 0x0000000084300000|  0%| F|  |TAMS 0x0000000084200000, 0x0000000084200000| Untracked 
|  19|0x0000000084300000, 0x0000000084300000, 0x0000000084400000|  0%| F|  |TAMS 0x0000000084300000, 0x0000000084300000| Untracked 
|  20|0x0000000084400000, 0x0000000084400000, 0x0000000084500000|  0%| F|  |TAMS 0x0000000084400000, 0x0000000084400000| Untracked 
|  21|0x0000000084500000, 0x0000000084500000, 0x0000000084600000|  0%| F|  |TAMS 0x0000000084500000, 0x0000000084500000| Untracked 
|  22|0x0000000084600000, 0x0000000084600000, 0x0000000084700000|  0%| F|  |TAMS 0x0000000084600000, 0x0000000084600000| Untracked 
|  23|0x0000000084700000, 0x0000000084700000, 0x0000000084800000|  0%| F|  |TAMS 0x0000000084700000, 0x0000000084700000| Untracked 
|  24|0x0000000084800000, 0x0000000084800000, 0x0000000084900000|  0%| F|  |TAMS 0x0000000084800000, 0x0000000084800000| Untracked 
|  25|0x0000000084900000, 0x0000000084900000, 0x0000000084a00000|  0%| F|  |TAMS 0x0000000084900000, 0x0000000084900000| Untracked 
|  26|0x0000000084a00000, 0x0000000084a00000, 0x0000000084b00000|  0%| F|  |TAMS 0x0000000084a00000, 0x0000000084a00000| Untracked 
|  27|0x0000000084b00000, 0x0000000084b00000, 0x0000000084c00000|  0%| F|  |TAMS 0x0000000084b00000, 0x0000000084b00000| Untracked 
|  28|0x0000000084c00000, 0x0000000084c00000, 0x0000000084d00000|  0%| F|  |TAMS 0x0000000084c00000, 0x0000000084c00000| Untracked 
|  29|0x0000000084d00000, 0x0000000084d00000, 0x0000000084e00000|  0%| F|  |TAMS 0x0000000084d00000, 0x0000000084d00000| Untracked 
|  30|0x0000000084e00000, 0x0000000084e00000, 0x0000000084f00000|  0%| F|  |TAMS 0x0000000084e00000, 0x0000000084e00000| Untracked 
|  31|0x0000000084f00000, 0x0000000084f00000, 0x0000000085000000|  0%| F|  |TAMS 0x0000000084f00000, 0x0000000084f00000| Untracked 
|  32|0x0000000085000000, 0x0000000085000000, 0x0000000085100000|  0%| F|  |TAMS 0x0000000085000000, 0x0000000085000000| Untracked 
|  33|0x0000000085100000, 0x0000000085100000, 0x0000000085200000|  0%| F|  |TAMS 0x0000000085100000, 0x0000000085100000| Untracked 
|  34|0x0000000085200000, 0x0000000085200000, 0x0000000085300000|  0%| F|  |TAMS 0x0000000085200000, 0x0000000085200000| Untracked 
|  35|0x0000000085300000, 0x0000000085300000, 0x0000000085400000|  0%| F|  |TAMS 0x0000000085300000, 0x0000000085300000| Untracked 
|  36|0x0000000085400000, 0x0000000085400000, 0x0000000085500000|  0%| F|  |TAMS 0x0000000085400000, 0x0000000085400000| Untracked 
|  37|0x0000000085500000, 0x0000000085500000, 0x0000000085600000|  0%| F|  |TAMS 0x0000000085500000, 0x0000000085500000| Untracked 
|  38|0x0000000085600000, 0x0000000085600000, 0x0000000085700000|  0%| F|  |TAMS 0x0000000085600000, 0x0000000085600000| Untracked 
|  39|0x0000000085700000, 0x0000000085700000, 0x0000000085800000|  0%| F|  |TAMS 0x0000000085700000, 0x0000000085700000| Untracked 
|  40|0x0000000085800000, 0x0000000085800000, 0x0000000085900000|  0%| F|  |TAMS 0x0000000085800000, 0x0000000085800000| Untracked 
|  41|0x0000000085900000, 0x0000000085900000, 0x0000000085a00000|  0%| F|  |TAMS 0x0000000085900000, 0x0000000085900000| Untracked 
|  42|0x0000000085a00000, 0x0000000085a00000, 0x0000000085b00000|  0%| F|  |TAMS 0x0000000085a00000, 0x0000000085a00000| Untracked 
|  43|0x0000000085b00000, 0x0000000085b00000, 0x0000000085c00000|  0%| F|  |TAMS 0x0000000085b00000, 0x0000000085b00000| Untracked 
|  44|0x0000000085c00000, 0x0000000085c00000, 0x0000000085d00000|  0%| F|  |TAMS 0x0000000085c00000, 0x0000000085c00000| Untracked 
|  45|0x0000000085d00000, 0x0000000085d00000, 0x0000000085e00000|  0%| F|  |TAMS 0x0000000085d00000, 0x0000000085d00000| Untracked 
|  46|0x0000000085e00000, 0x0000000085e00000, 0x0000000085f00000|  0%| F|  |TAMS 0x0000000085e00000, 0x0000000085e00000| Untracked 
|  47|0x0000000085f00000, 0x0000000085f00000, 0x0000000086000000|  0%| F|  |TAMS 0x0000000085f00000, 0x0000000085f00000| Untracked 
|  48|0x0000000086000000, 0x0000000086000000, 0x0000000086100000|  0%| F|  |TAMS 0x0000000086000000, 0x0000000086000000| Untracked 
|  49|0x0000000086100000, 0x0000000086100000, 0x0000000086200000|  0%| F|  |TAMS 0x0000000086100000, 0x0000000086100000| Untracked 
|  50|0x0000000086200000, 0x0000000086200000, 0x0000000086300000|  0%| F|  |TAMS 0x0000000086200000, 0x0000000086200000| Untracked 
|  51|0x0000000086300000, 0x0000000086300000, 0x0000000086400000|  0%| F|  |TAMS 0x0000000086300000, 0x0000000086300000| Untracked 
|  52|0x0000000086400000, 0x0000000086400000, 0x0000000086500000|  0%| F|  |TAMS 0x0000000086400000, 0x0000000086400000| Untracked 
|  53|0x0000000086500000, 0x0000000086500000, 0x0000000086600000|  0%| F|  |TAMS 0x0000000086500000, 0x0000000086500000| Untracked 
|  54|0x0000000086600000, 0x0000000086600000, 0x0000000086700000|  0%| F|  |TAMS 0x0000000086600000, 0x0000000086600000| Untracked 
|  55|0x0000000086700000, 0x0000000086700000, 0x0000000086800000|  0%| F|  |TAMS 0x0000000086700000, 0x0000000086700000| Untracked 
|  56|0x0000000086800000, 0x0000000086800000, 0x0000000086900000|  0%| F|  |TAMS 0x0000000086800000, 0x0000000086800000| Untracked 
|  57|0x0000000086900000, 0x0000000086900000, 0x0000000086a00000|  0%| F|  |TAMS 0x0000000086900000, 0x0000000086900000| Untracked 
|  58|0x0000000086a00000, 0x0000000086a00000, 0x0000000086b00000|  0%| F|  |TAMS 0x0000000086a00000, 0x0000000086a00000| Untracked 
|  59|0x0000000086b00000, 0x0000000086b00000, 0x0000000086c00000|  0%| F|  |TAMS 0x0000000086b00000, 0x0000000086b00000| Untracked 
|  60|0x0000000086c00000, 0x0000000086c00000, 0x0000000086d00000|  0%| F|  |TAMS 0x0000000086c00000, 0x0000000086c00000| Untracked 
|  61|0x0000000086d00000, 0x0000000086d00000, 0x0000000086e00000|  0%| F|  |TAMS 0x0000000086d00000, 0x0000000086d00000| Untracked 
|  62|0x0000000086e00000, 0x0000000086e00000, 0x0000000086f00000|  0%| F|  |TAMS 0x0000000086e00000, 0x0000000086e00000| Untracked 
|  63|0x0000000086f00000, 0x0000000086f00000, 0x0000000087000000|  0%| F|  |TAMS 0x0000000086f00000, 0x0000000086f00000| Untracked 
|  64|0x0000000087000000, 0x0000000087000000, 0x0000000087100000|  0%| F|  |TAMS 0x0000000087000000, 0x0000000087000000| Untracked 
|  65|0x0000000087100000, 0x0000000087100000, 0x0000000087200000|  0%| F|  |TAMS 0x0000000087100000, 0x0000000087100000| Untracked 
|  66|0x0000000087200000, 0x0000000087200000, 0x0000000087300000|  0%| F|  |TAMS 0x0000000087200000, 0x0000000087200000| Untracked 
|  67|0x0000000087300000, 0x0000000087300000, 0x0000000087400000|  0%| F|  |TAMS 0x0000000087300000, 0x0000000087300000| Untracked 
|  68|0x0000000087400000, 0x0000000087400000, 0x0000000087500000|  0%| F|  |TAMS 0x0000000087400000, 0x0000000087400000| Untracked 
|  69|0x0000000087500000, 0x0000000087500000, 0x0000000087600000|  0%| F|  |TAMS 0x0000000087500000, 0x0000000087500000| Untracked 
|  70|0x0000000087600000, 0x0000000087600000, 0x0000000087700000|  0%| F|  |TAMS 0x0000000087600000, 0x0000000087600000| Untracked 
|  71|0x0000000087700000, 0x0000000087700000, 0x0000000087800000|  0%| F|  |TAMS 0x0000000087700000, 0x0000000087700000| Untracked 
|  72|0x0000000087800000, 0x0000000087800000, 0x0000000087900000|  0%| F|  |TAMS 0x0000000087800000, 0x0000000087800000| Untracked 
|  73|0x0000000087900000, 0x0000000087900000, 0x0000000087a00000|  0%| F|  |TAMS 0x0000000087900000, 0x0000000087900000| Untracked 
|  74|0x0000000087a00000, 0x0000000087a00000, 0x0000000087b00000|  0%| F|  |TAMS 0x0000000087a00000, 0x0000000087a00000| Untracked 
|  75|0x0000000087b00000, 0x0000000087b00000, 0x0000000087c00000|  0%| F|  |TAMS 0x0000000087b00000, 0x0000000087b00000| Untracked 
|  76|0x0000000087c00000, 0x0000000087c00000, 0x0000000087d00000|  0%| F|  |TAMS 0x0000000087c00000, 0x0000000087c00000| Untracked 
|  77|0x0000000087d00000, 0x0000000087d00000, 0x0000000087e00000|  0%| F|  |TAMS 0x0000000087d00000, 0x0000000087d00000| Untracked 
|  78|0x0000000087e00000, 0x0000000087e00000, 0x0000000087f00000|  0%| F|  |TAMS 0x0000000087e00000, 0x0000000087e00000| Untracked 
|  79|0x0000000087f00000, 0x0000000087f00000, 0x0000000088000000|  0%| F|  |TAMS 0x0000000087f00000, 0x0000000087f00000| Untracked 
|  80|0x0000000088000000, 0x0000000088000000, 0x0000000088100000|  0%| F|  |TAMS 0x0000000088000000, 0x0000000088000000| Untracked 
|  81|0x0000000088100000, 0x0000000088100000, 0x0000000088200000|  0%| F|  |TAMS 0x0000000088100000, 0x0000000088100000| Untracked 
|  82|0x0000000088200000, 0x0000000088200000, 0x0000000088300000|  0%| F|  |TAMS 0x0000000088200000, 0x0000000088200000| Untracked 
|  83|0x0000000088300000, 0x0000000088300000, 0x0000000088400000|  0%| F|  |TAMS 0x0000000088300000, 0x0000000088300000| Untracked 
|  84|0x0000000088400000, 0x0000000088400000, 0x0000000088500000|  0%| F|  |TAMS 0x0000000088400000, 0x0000000088400000| Untracked 
|  85|0x0000000088500000, 0x0000000088500000, 0x0000000088600000|  0%| F|  |TAMS 0x0000000088500000, 0x0000000088500000| Untracked 
|  86|0x0000000088600000, 0x0000000088600000, 0x0000000088700000|  0%| F|  |TAMS 0x0000000088600000, 0x0000000088600000| Untracked 
|  87|0x0000000088700000, 0x0000000088700000, 0x0000000088800000|  0%| F|  |TAMS 0x0000000088700000, 0x0000000088700000| Untracked 
|  88|0x0000000088800000, 0x0000000088800000, 0x0000000088900000|  0%| F|  |TAMS 0x0000000088800000, 0x0000000088800000| Untracked 
|  89|0x0000000088900000, 0x0000000088900000, 0x0000000088a00000|  0%| F|  |TAMS 0x0000000088900000, 0x0000000088900000| Untracked 
|  90|0x0000000088a00000, 0x0000000088a00000, 0x0000000088b00000|  0%| F|  |TAMS 0x0000000088a00000, 0x0000000088a00000| Untracked 
|  91|0x0000000088b00000, 0x0000000088b00000, 0x0000000088c00000|  0%| F|  |TAMS 0x0000000088b00000, 0x0000000088b00000| Untracked 
|  92|0x0000000088c00000, 0x0000000088c00000, 0x0000000088d00000|  0%| F|  |TAMS 0x0000000088c00000, 0x0000000088c00000| Untracked 
|  93|0x0000000088d00000, 0x0000000088d00000, 0x0000000088e00000|  0%| F|  |TAMS 0x0000000088d00000, 0x0000000088d00000| Untracked 
|  94|0x0000000088e00000, 0x0000000088e00000, 0x0000000088f00000|  0%| F|  |TAMS 0x0000000088e00000, 0x0000000088e00000| Untracked 
|  95|0x0000000088f00000, 0x0000000088f00000, 0x0000000089000000|  0%| F|  |TAMS 0x0000000088f00000, 0x0000000088f00000| Untracked 
|  96|0x0000000089000000, 0x0000000089000000, 0x0000000089100000|  0%| F|  |TAMS 0x0000000089000000, 0x0000000089000000| Untracked 
|  97|0x0000000089100000, 0x0000000089100000, 0x0000000089200000|  0%| F|  |TAMS 0x0000000089100000, 0x0000000089100000| Untracked 
|  98|0x0000000089200000, 0x0000000089200000, 0x0000000089300000|  0%| F|  |TAMS 0x0000000089200000, 0x0000000089200000| Untracked 
|  99|0x0000000089300000, 0x0000000089300000, 0x0000000089400000|  0%| F|  |TAMS 0x0000000089300000, 0x0000000089300000| Untracked 
| 100|0x0000000089400000, 0x0000000089500000, 0x0000000089500000|100%| S|CS|TAMS 0x0000000089400000, 0x0000000089400000| Complete 
| 101|0x0000000089500000, 0x0000000089600000, 0x0000000089600000|100%| S|CS|TAMS 0x0000000089500000, 0x0000000089500000| Complete 
| 102|0x0000000089600000, 0x0000000089700000, 0x0000000089700000|100%| S|CS|TAMS 0x0000000089600000, 0x0000000089600000| Complete 
| 103|0x0000000089700000, 0x0000000089700000, 0x0000000089800000|  0%| F|  |TAMS 0x0000000089700000, 0x0000000089700000| Untracked 
| 104|0x0000000089800000, 0x0000000089800000, 0x0000000089900000|  0%| F|  |TAMS 0x0000000089800000, 0x0000000089800000| Untracked 
| 105|0x0000000089900000, 0x0000000089900000, 0x0000000089a00000|  0%| F|  |TAMS 0x0000000089900000, 0x0000000089900000| Untracked 
| 106|0x0000000089a00000, 0x0000000089a00000, 0x0000000089b00000|  0%| F|  |TAMS 0x0000000089a00000, 0x0000000089a00000| Untracked 
| 107|0x0000000089b00000, 0x0000000089b00000, 0x0000000089c00000|  0%| F|  |TAMS 0x0000000089b00000, 0x0000000089b00000| Untracked 
| 108|0x0000000089c00000, 0x0000000089c00000, 0x0000000089d00000|  0%| F|  |TAMS 0x0000000089c00000, 0x0000000089c00000| Untracked 
| 109|0x0000000089d00000, 0x0000000089d00000, 0x0000000089e00000|  0%| F|  |TAMS 0x0000000089d00000, 0x0000000089d00000| Untracked 
| 110|0x0000000089e00000, 0x0000000089e00000, 0x0000000089f00000|  0%| F|  |TAMS 0x0000000089e00000, 0x0000000089e00000| Untracked 
| 111|0x0000000089f00000, 0x0000000089f00000, 0x000000008a000000|  0%| F|  |TAMS 0x0000000089f00000, 0x0000000089f00000| Untracked 
| 112|0x000000008a000000, 0x000000008a0eaa58, 0x000000008a100000| 91%| E|  |TAMS 0x000000008a000000, 0x000000008a000000| Complete 
| 113|0x000000008a100000, 0x000000008a200000, 0x000000008a200000|100%| E|CS|TAMS 0x000000008a100000, 0x000000008a100000| Complete 
| 114|0x000000008a200000, 0x000000008a300000, 0x000000008a300000|100%| E|CS|TAMS 0x000000008a200000, 0x000000008a200000| Complete 
| 115|0x000000008a300000, 0x000000008a400000, 0x000000008a400000|100%| E|CS|TAMS 0x000000008a300000, 0x000000008a300000| Complete 
| 116|0x000000008a400000, 0x000000008a500000, 0x000000008a500000|100%| E|CS|TAMS 0x000000008a400000, 0x000000008a400000| Complete 
| 117|0x000000008a500000, 0x000000008a600000, 0x000000008a600000|100%| E|CS|TAMS 0x000000008a500000, 0x000000008a500000| Complete 
| 118|0x000000008a600000, 0x000000008a700000, 0x000000008a700000|100%| E|CS|TAMS 0x000000008a600000, 0x000000008a600000| Complete 
| 119|0x000000008a700000, 0x000000008a800000, 0x000000008a800000|100%| E|CS|TAMS 0x000000008a700000, 0x000000008a700000| Complete 
| 120|0x000000008a800000, 0x000000008a900000, 0x000000008a900000|100%| E|CS|TAMS 0x000000008a800000, 0x000000008a800000| Complete 
| 121|0x000000008a900000, 0x000000008aa00000, 0x000000008aa00000|100%| E|CS|TAMS 0x000000008a900000, 0x000000008a900000| Complete 
| 122|0x000000008aa00000, 0x000000008ab00000, 0x000000008ab00000|100%| E|CS|TAMS 0x000000008aa00000, 0x000000008aa00000| Complete 
| 123|0x000000008ab00000, 0x000000008ac00000, 0x000000008ac00000|100%| E|CS|TAMS 0x000000008ab00000, 0x000000008ab00000| Complete 
| 124|0x000000008ac00000, 0x000000008ad00000, 0x000000008ad00000|100%| E|CS|TAMS 0x000000008ac00000, 0x000000008ac00000| Complete 
| 125|0x000000008ad00000, 0x000000008ae00000, 0x000000008ae00000|100%| E|CS|TAMS 0x000000008ad00000, 0x000000008ad00000| Complete 

Card table byte_map: [0x00000192f8c80000,0x00000192f9070000] _byte_map_base: 0x00000192f8868000

Marking Bits (Prev, Next): (CMBitMap*) 0x00000192e169e110, (CMBitMap*) 0x00000192e169e150
 Prev Bits: [0x00000192f9460000, 0x00000192fb3a0000)
 Next Bits: [0x00000192fb3a0000, 0x00000192fd2e0000)

Polling page: 0x00000192e0dd0000

Metaspace:

Usage:
  Non-class:     11.34 MB used.
      Class:      1.46 MB used.
       Both:     12.79 MB used.

Virtual space:
  Non-class space:       64.00 MB reserved,      11.44 MB ( 18%) committed,  1 nodes.
      Class space:        1.00 GB reserved,       1.56 MB ( <1%) committed,  1 nodes.
             Both:        1.06 GB reserved,      13.00 MB (  1%) committed. 

Chunk freelists:
   Non-Class:  3.69 MB
       Class:  2.38 MB
        Both:  6.06 MB

MaxMetaspaceSize: unlimited
CompressedClassSpaceSize: 1.00 GB
Initial GC threshold: 21.00 MB
Current GC threshold: 21.00 MB
CDS: on
MetaspaceReclaimPolicy: balanced
 - commit_granule_bytes: 65536.
 - commit_granule_words: 8192.
 - virtual_space_node_default_size: 8388608.
 - enlarge_chunks_in_place: 1.
 - new_chunks_are_fully_committed: 0.
 - uncommit_free_chunks: 1.
 - use_allocation_guard: 0.


Internal statistics:

num_allocs_failed_limit: 0.
num_arena_births: 154.
num_arena_deaths: 0.
num_vsnodes_births: 2.
num_vsnodes_deaths: 0.
num_space_committed: 208.
num_space_uncommitted: 0.
num_chunks_returned_to_freelist: 0.
num_chunks_taken_from_freelist: 443.
num_chunk_merges: 0.
num_chunk_splits: 282.
num_chunks_enlarged: 214.
num_inconsistent_stats: 0.

CodeHeap 'non-profiled nmethods': size=120000Kb used=588Kb max_used=588Kb free=119411Kb
 bounds [0x00000192f1030000, 0x00000192f12a0000, 0x00000192f8560000]
CodeHeap 'profiled nmethods': size=120000Kb used=3547Kb max_used=3547Kb free=116452Kb
 bounds [0x00000192e9560000, 0x00000192e98e0000, 0x00000192f0a90000]
CodeHeap 'non-nmethods': size=5760Kb used=1299Kb max_used=1315Kb free=4461Kb
 bounds [0x00000192f0a90000, 0x00000192f0d00000, 0x00000192f1030000]
 total_blobs=2354 nmethods=1832 adapters=432
 compilation: enabled
              stopped_count=0, restarted_count=0
 full_count=0

Compilation events (20 events):
Event: 15.135 Thread 0x00000192ffb38a60 nmethod 1819 0x00000192e98d2c90 code [0x00000192e98d2e40, 0x00000192e98d3048]
Event: 15.135 Thread 0x00000192ffb38a60 1820   !   3       java.io.FileInputStream::available (24 bytes)
Event: 15.135 Thread 0x00000192ffb38a60 nmethod 1820 0x00000192e98d3110 code [0x00000192e98d32e0, 0x00000192e98d34d8]
Event: 15.135 Thread 0x00000192ffb2c320 1821   !   4       java.io.BufferedOutputStream::write (62 bytes)
Event: 15.145 Thread 0x00000192ffb38a60 1824       3       java.io.BufferedInputStream::fill (203 bytes)
Event: 15.146 Thread 0x00000192ffb38a60 nmethod 1824 0x00000192e98d3610 code [0x00000192e98d3880, 0x00000192e98d44e8]
Event: 15.147 Thread 0x00000192ffb2c320 nmethod 1821 0x00000192f10c1d10 code [0x00000192f10c1f00, 0x00000192f10c2570]
Event: 15.147 Thread 0x00000192ffb2c320 1823       4       java.io.BufferedOutputStream::growIfNeeded (59 bytes)
Event: 15.150 Thread 0x00000192ffb2c320 nmethod 1823 0x00000192f10c2a10 code [0x00000192f10c2ba0, 0x00000192f10c2d68]
Event: 15.150 Thread 0x00000192ffb2c320 1826  s    4       org.openqa.selenium.io.CircularOutputStream::write (87 bytes)
Event: 15.154 Thread 0x00000192ffb2c320 nmethod 1826 0x00000192f10c2e90 code [0x00000192f10c3020, 0x00000192f10c3278]
Event: 15.154 Thread 0x00000192ffb2c320 1827   !   4       java.io.PrintStream::write (81 bytes)
Event: 15.161 Thread 0x00000192ffb38a60 1828       3       java.util.concurrent.locks.AbstractQueuedSynchronizer::acquire (20 bytes)
Event: 15.161 Thread 0x00000192ffb38a60 nmethod 1828 0x00000192e98d4890 code [0x00000192e98d4a40, 0x00000192e98d4cb8]
Event: 15.165 Thread 0x00000192ffb38a60 1829       3       java.io.OutputStream::write (34 bytes)
Event: 15.166 Thread 0x00000192ffb38a60 nmethod 1829 0x00000192e98d4d90 code [0x00000192e98d4f60, 0x00000192e98d53d8]
Event: 15.166 Thread 0x00000192ffb38a60 1830       3       java.io.FileDescriptor$1::getAppend (5 bytes)
Event: 15.166 Thread 0x00000192ffb38a60 nmethod 1830 0x00000192e98d5610 code [0x00000192e98d57a0, 0x00000192e98d58b8]
Event: 15.166 Thread 0x00000192ffb38a60 1831   !   3       java.io.FileOutputStream::write (47 bytes)
Event: 15.166 Thread 0x00000192ffb38a60 nmethod 1831 0x00000192e98d5990 code [0x00000192e98d5b80, 0x00000192e98d5e38]

GC Heap History (2 events):
Event: 2.882 GC heap before
{Heap before GC invocations=0 (full 0):
 garbage-first heap   total 129024K, used 22528K [0x0000000083000000, 0x0000000100000000)
  region size 1024K, 23 young (23552K), 0 survivors (0K)
 Metaspace       used 9885K, committed 10176K, reserved 1114112K
  class space    used 1061K, committed 1216K, reserved 1048576K
}
Event: 2.893 GC heap after
{Heap after GC invocations=1 (full 0):
 garbage-first heap   total 129024K, used 5397K [0x0000000083000000, 0x0000000100000000)
  region size 1024K, 3 young (3072K), 3 survivors (3072K)
 Metaspace       used 9885K, committed 10176K, reserved 1114112K
  class space    used 1061K, committed 1216K, reserved 1048576K
}

Dll operation events (12 events):
Event: 0.144 Loaded shared library C:\Users\gabriel.velez\.jdks\openjdk-19.0.2\bin\java.dll
Event: 0.236 Loaded shared library C:\Users\gabriel.velez\.jdks\openjdk-19.0.2\bin\jsvml.dll
Event: 0.497 Loaded shared library C:\Users\gabriel.velez\.jdks\openjdk-19.0.2\bin\zip.dll
Event: 0.504 Loaded shared library C:\Users\gabriel.velez\.jdks\openjdk-19.0.2\bin\instrument.dll
Event: 0.519 Loaded shared library C:\Users\gabriel.velez\.jdks\openjdk-19.0.2\bin\net.dll
Event: 0.526 Loaded shared library C:\Users\gabriel.velez\.jdks\openjdk-19.0.2\bin\nio.dll
Event: 0.533 Loaded shared library C:\Users\gabriel.velez\.jdks\openjdk-19.0.2\bin\zip.dll
Event: 0.795 Loaded shared library C:\Program Files\JetBrains\IntelliJ IDEA Community Edition 2022.3.2\bin\breakgen64.dll
Event: 0.881 Loaded shared library C:\Users\gabriel.velez\.jdks\openjdk-19.0.2\bin\extnet.dll
Event: 1.050 Loaded shared library C:\Users\gabriel.velez\.jdks\openjdk-19.0.2\bin\jimage.dll
Event: 2.719 Loaded shared library C:\Users\gabriel.velez\.jdks\openjdk-19.0.2\bin\sunmscapi.dll
Event: 2.978 Loaded shared library C:\Users\gabriel.velez\.jdks\openjdk-19.0.2\bin\verify.dll

Deoptimization events (20 events):
Event: 4.886 Thread 0x00000192e1642b80 Uncommon trap: trap_request=0xffffffde fr.pc=0x00000192f10859e0 relative=0x00000000000002a0
Event: 4.886 Thread 0x00000192e1642b80 Uncommon trap: reason=class_check action=maybe_recompile pc=0x00000192f10859e0 method=java.util.regex.Pattern$BmpCharPropertyGreedy.match(Ljava/util/regex/Matcher;ILjava/lang/CharSequence;)Z @ 26 c2
Event: 4.886 Thread 0x00000192e1642b80 DEOPT PACKING pc=0x00000192f10859e0 sp=0x0000007d352fd170
Event: 4.886 Thread 0x00000192e1642b80 DEOPT UNPACKING pc=0x00000192f0af6da3 sp=0x0000007d352fd108 mode 2
Event: 4.886 Thread 0x00000192e1642b80 Uncommon trap: trap_request=0xffffffde fr.pc=0x00000192f10859e0 relative=0x00000000000002a0
Event: 4.886 Thread 0x00000192e1642b80 Uncommon trap: reason=class_check action=maybe_recompile pc=0x00000192f10859e0 method=java.util.regex.Pattern$BmpCharPropertyGreedy.match(Ljava/util/regex/Matcher;ILjava/lang/CharSequence;)Z @ 26 c2
Event: 4.886 Thread 0x00000192e1642b80 DEOPT PACKING pc=0x00000192f10859e0 sp=0x0000007d352fd110
Event: 4.886 Thread 0x00000192e1642b80 DEOPT UNPACKING pc=0x00000192f0af6da3 sp=0x0000007d352fd0a8 mode 2
Event: 4.886 Thread 0x00000192e1642b80 Uncommon trap: trap_request=0xffffffde fr.pc=0x00000192f10859e0 relative=0x00000000000002a0
Event: 4.886 Thread 0x00000192e1642b80 Uncommon trap: reason=class_check action=maybe_recompile pc=0x00000192f10859e0 method=java.util.regex.Pattern$BmpCharPropertyGreedy.match(Ljava/util/regex/Matcher;ILjava/lang/CharSequence;)Z @ 26 c2
Event: 4.886 Thread 0x00000192e1642b80 DEOPT PACKING pc=0x00000192f10859e0 sp=0x0000007d352fce90
Event: 4.886 Thread 0x00000192e1642b80 DEOPT UNPACKING pc=0x00000192f0af6da3 sp=0x0000007d352fce28 mode 2
Event: 4.988 Thread 0x00000192e1642b80 Uncommon trap: trap_request=0xffffff45 fr.pc=0x00000192f10b6810 relative=0x0000000000000350
Event: 4.988 Thread 0x00000192e1642b80 Uncommon trap: reason=unstable_if action=reinterpret pc=0x00000192f10b6810 method=java.util.regex.Pattern$BmpCharPropertyGreedy.match(Ljava/util/regex/Matcher;ILjava/lang/CharSequence;)Z @ 12 c2
Event: 4.988 Thread 0x00000192e1642b80 DEOPT PACKING pc=0x00000192f10b6810 sp=0x0000007d352fc950
Event: 4.988 Thread 0x00000192e1642b80 DEOPT UNPACKING pc=0x00000192f0af6da3 sp=0x0000007d352fc8f8 mode 2
Event: 5.163 Thread 0x00000192e1642b80 Uncommon trap: trap_request=0xffffff45 fr.pc=0x00000192f10aa868 relative=0x00000000000002c8
Event: 5.163 Thread 0x00000192e1642b80 Uncommon trap: reason=unstable_if action=reinterpret pc=0x00000192f10aa868 method=java.net.URI$Parser.scan(IILjava/lang/String;)I @ 26 c2
Event: 5.163 Thread 0x00000192e1642b80 DEOPT PACKING pc=0x00000192f10aa868 sp=0x0000007d352fd620
Event: 5.163 Thread 0x00000192e1642b80 DEOPT UNPACKING pc=0x00000192f0af6da3 sp=0x0000007d352fd5b0 mode 2

Classes loaded (20 events):
Event: 5.118 Loading class jdk/internal/icu/impl/Trie2 done
Event: 5.118 Loading class jdk/internal/icu/impl/Trie2_16 done
Event: 5.118 Loading class jdk/internal/icu/impl/Trie2$1
Event: 5.118 Loading class jdk/internal/icu/impl/Trie2$ValueMapper
Event: 5.118 Loading class jdk/internal/icu/impl/Trie2$ValueMapper done
Event: 5.118 Loading class jdk/internal/icu/impl/Trie2$1 done
Event: 5.118 Loading class jdk/internal/icu/impl/Trie2$UTrie2Header
Event: 5.119 Loading class jdk/internal/icu/impl/Trie2$UTrie2Header done
Event: 5.154 Loading class java/net/ProtocolException
Event: 5.155 Loading class java/net/ProtocolException done
Event: 5.155 Loading class java/net/HttpRetryException
Event: 5.155 Loading class java/net/HttpRetryException done
Event: 5.169 Loading class java/net/UnknownServiceException
Event: 5.170 Loading class java/net/UnknownServiceException done
Event: 5.181 Loading class java/net/Socket$SocketOutputStream
Event: 5.182 Loading class java/net/Socket$SocketOutputStream done
Event: 5.182 Loading class sun/nio/ch/NioSocketImpl$2
Event: 5.182 Loading class sun/nio/ch/NioSocketImpl$2 done
Event: 5.185 Loading class java/util/concurrent/ThreadPoolExecutor$Worker
Event: 5.185 Loading class java/util/concurrent/ThreadPoolExecutor$Worker done

Classes unloaded (0 events):
No events

Classes redefined (0 events):
No events

Internal exceptions (20 events):
Event: 4.777 Thread 0x00000192e1642b80 Exception <a 'java/net/ConnectException'{0x000000008a820e10}: Connection refused: no further information> (0x000000008a820e10) 
thrown [s\open\src\hotspot\share\prims\jni.cpp, line 536]
Event: 4.778 Thread 0x00000192e1642b80 Exception <a 'java/net/ConnectException'{0x000000008a821928}: Connection refused: no further information> (0x000000008a821928) 
thrown [s\open\src\hotspot\share\prims\jni.cpp, line 536]
Event: 4.780 Thread 0x00000192e1642b80 Exception <a 'java/net/ConnectException'{0x000000008a822440}: Connection refused: no further information> (0x000000008a822440) 
thrown [s\open\src\hotspot\share\prims\jni.cpp, line 536]
Event: 4.781 Thread 0x00000192e1642b80 Exception <a 'java/net/ConnectException'{0x000000008a822f58}: Connection refused: no further information> (0x000000008a822f58) 
thrown [s\open\src\hotspot\share\prims\jni.cpp, line 536]
Event: 4.782 Thread 0x00000192e1642b80 Exception <a 'java/net/ConnectException'{0x000000008a823a70}: Connection refused: no further information> (0x000000008a823a70) 
thrown [s\open\src\hotspot\share\prims\jni.cpp, line 536]
Event: 4.783 Thread 0x00000192e1642b80 Exception <a 'java/net/ConnectException'{0x000000008a824588}: Connection refused: no further information> (0x000000008a824588) 
thrown [s\open\src\hotspot\share\prims\jni.cpp, line 536]
Event: 4.783 Thread 0x00000192e1642b80 Exception <a 'java/net/ConnectException'{0x000000008a8250a0}: Connection refused: no further information> (0x000000008a8250a0) 
thrown [s\open\src\hotspot\share\prims\jni.cpp, line 536]
Event: 4.784 Thread 0x00000192e1642b80 Exception <a 'java/net/ConnectException'{0x000000008a825bb8}: Connection refused: no further information> (0x000000008a825bb8) 
thrown [s\open\src\hotspot\share\prims\jni.cpp, line 536]
Event: 4.785 Thread 0x00000192e1642b80 Exception <a 'java/net/ConnectException'{0x000000008a8266d0}: Connection refused: no further information> (0x000000008a8266d0) 
thrown [s\open\src\hotspot\share\prims\jni.cpp, line 536]
Event: 4.825 Thread 0x00000192e1642b80 Exception <a 'java/lang/NoSuchMethodError'{0x000000008a891ef0}: 'java.lang.Object java.lang.invoke.DirectMethodHandle$Holder.invokeInterface(java.lang.Object, java.lang.Object, java.lang.Object)'> (0x000000008a891ef0) 
thrown [s\open\src\hotspot\share\interpreter\linkResolver.cpp, line 774]
Event: 4.826 Thread 0x00000192e1642b80 Exception <a 'java/lang/IncompatibleClassChangeError'{0x000000008a8955c0}: Found class java.lang.Object, but interface was expected> (0x000000008a8955c0) 
thrown [s\open\src\hotspot\share\interpreter\linkResolver.cpp, line 841]
Event: 4.830 Thread 0x00000192e1642b80 Exception <a 'java/lang/NoSuchMethodError'{0x000000008a89e0a8}: 'int java.lang.invoke.DirectMethodHandle$Holder.invokeSpecialIFC(java.lang.Object, java.lang.Object, java.lang.Object, java.lang.Object)'> (0x000000008a89e0a8) 
thrown [s\open\src\hotspot\share\interpreter\linkResolver.cpp, line 774]
Event: 4.858 Thread 0x00000192e1642b80 Exception <a 'java/lang/NoSuchMethodError'{0x000000008a8f5140}: 'double java.lang.invoke.DirectMethodHandle$Holder.invokeVirtual(java.lang.Object, java.lang.Object)'> (0x000000008a8f5140) 
thrown [s\open\src\hotspot\share\interpreter\linkResolver.cpp, line 774]
Event: 4.859 Thread 0x00000192e1642b80 Exception <a 'java/lang/NoSuchMethodError'{0x000000008a8fb9a8}: 'float java.lang.invoke.DirectMethodHandle$Holder.invokeVirtual(java.lang.Object, java.lang.Object)'> (0x000000008a8fb9a8) 
thrown [s\open\src\hotspot\share\interpreter\linkResolver.cpp, line 774]
Event: 4.861 Thread 0x00000192e1642b80 Exception <a 'java/lang/NoSuchMethodError'{0x000000008a704f70}: 'long java.lang.invoke.DirectMethodHandle$Holder.invokeVirtual(java.lang.Object, java.lang.Object)'> (0x000000008a704f70) 
thrown [s\open\src\hotspot\share\interpreter\linkResolver.cpp, line 774]
Event: 4.870 Thread 0x00000192e1642b80 Exception <a 'java/lang/NoSuchMethodError'{0x000000008a730cf8}: 'java.lang.Object java.lang.invoke.DirectMethodHandle$Holder.invokeVirtual(java.lang.Object, java.lang.Object, java.lang.Object)'> (0x000000008a730cf8) 
thrown [s\open\src\hotspot\share\interpreter\linkResolver.cpp, line 774]
Event: 4.916 Thread 0x00000192e1642b80 Exception <a 'java/lang/NoSuchMethodError'{0x000000008a63c290}: 'void java.lang.invoke.DirectMethodHandle$Holder.invokeSpecial(java.lang.Object, java.lang.Object, java.lang.Object, java.lang.Object, java.lang.Object)'> (0x000000008a63c290) 
thrown [s\open\src\hotspot\share\interpreter\linkResolver.cpp, line 774]
Event: 4.942 Thread 0x00000192e1642b80 Exception <a 'java/lang/NoSuchMethodError'{0x000000008a6e8cd8}: 'java.lang.Object java.lang.invoke.DirectMethodHandle$Holder.newInvokeSpecial(java.lang.Object, java.lang.Object, java.lang.Object, java.lang.Object, java.lang.Object)'> (0x000000008a6e8cd8) 
thrown [s\open\src\hotspot\share\interpreter\linkResolver.cpp, line 774]
Event: 4.983 Thread 0x00000192e1642b80 Exception <a 'java/lang/NoSuchMethodError'{0x000000008a448530}: 'void java.lang.invoke.DirectMethodHandle$Holder.invokeInterface(java.lang.Object, java.lang.Object, java.lang.Object)'> (0x000000008a448530) 
thrown [s\open\src\hotspot\share\interpreter\linkResolver.cpp, line 774]
Event: 4.983 Thread 0x00000192840fae90 Exception <a 'java/lang/NoSuchMethodError'{0x000000008a463978}: 'void java.lang.invoke.DirectMethodHandle$Holder.invokeInterface(java.lang.Object, java.lang.Object, java.lang.Object)'> (0x000000008a463978) 
thrown [s\open\src\hotspot\share\interpreter\linkResolver.cpp, line 774]

VM Operations (20 events):
Event: 2.994 Executing VM operation: HandshakeAllThreads
Event: 2.994 Executing VM operation: HandshakeAllThreads done
Event: 4.004 Executing VM operation: Cleanup
Event: 4.004 Executing VM operation: Cleanup done
Event: 4.805 Executing VM operation: HandshakeAllThreads
Event: 4.805 Executing VM operation: HandshakeAllThreads done
Event: 4.958 Executing VM operation: HandshakeAllThreads
Event: 4.958 Executing VM operation: HandshakeAllThreads done
Event: 5.185 Executing VM operation: HandshakeAllThreads
Event: 5.185 Executing VM operation: HandshakeAllThreads done
Event: 5.185 Executing VM operation: Cleanup
Event: 5.185 Executing VM operation: Cleanup done
Event: 5.185 Executing VM operation: HandshakeAllThreads
Event: 5.185 Executing VM operation: HandshakeAllThreads done
Event: 9.215 Executing VM operation: Cleanup
Event: 9.215 Executing VM operation: Cleanup done
Event: 10.224 Executing VM operation: Cleanup
Event: 10.224 Executing VM operation: Cleanup done
Event: 12.240 Executing VM operation: Cleanup
Event: 12.240 Executing VM operation: Cleanup done

Events (19 events):
Event: 0.236 Thread 0x00000192e1642b80 Thread added: 0x00000192e1642b80
Event: 0.283 Thread 0x00000192ffb18a30 Thread added: 0x00000192ffb18a30
Event: 0.284 Thread 0x00000192ffb1b510 Thread added: 0x00000192ffb1b510
Event: 0.286 Thread 0x00000192ffb22770 Thread added: 0x00000192ffb22770
Event: 0.286 Thread 0x00000192ffb230a0 Thread added: 0x00000192ffb230a0
Event: 0.286 Thread 0x00000192ffb25d20 Thread added: 0x00000192ffb25d20
Event: 0.287 Thread 0x00000192ffb2b910 Thread added: 0x00000192ffb2b910
Event: 0.287 Thread 0x00000192ffb2c320 Thread added: 0x00000192ffb2c320
Event: 0.287 Thread 0x00000192ffb38a60 Thread added: 0x00000192ffb38a60
Event: 0.287 Thread 0x00000192ffb3e000 Thread added: 0x00000192ffb3e000
Event: 0.470 Thread 0x00000192840f9ea0 Thread added: 0x00000192840f9ea0
Event: 0.796 Thread 0x00000192840fa940 Thread added: 0x00000192840fa940
Event: 0.797 Thread 0x00000192840f9950 Thread added: 0x00000192840f9950
Event: 2.991 Thread 0x00000192840fa3f0 Thread added: 0x00000192840fa3f0
Event: 3.740 Thread 0x00000192840fc3d0 Thread added: 0x00000192840fc3d0
Event: 3.741 Thread 0x00000192840fce70 Thread added: 0x00000192840fce70
Event: 4.982 Thread 0x00000192840fae90 Thread added: 0x00000192840fae90
Event: 5.186 Thread 0x00000192840fb3e0 Thread added: 0x00000192840fb3e0
Event: 5.196 Thread 0x00000192840fb930 Thread added: 0x00000192840fb930


Dynamic libraries:
0x00007ff6d0bf0000 - 0x00007ff6d0bfe000 	C:\Users\gabriel.velez\.jdks\openjdk-19.0.2\bin\java.exe
0x00007fffdb460000 - 0x00007fffdb669000 	C:\WINDOWS\SYSTEM32\ntdll.dll
0x00007fffd9e60000 - 0x00007fffd9f1e000 	C:\WINDOWS\System32\KERNEL32.DLL
0x00007fffd8d70000 - 0x00007fffd90ec000 	C:\WINDOWS\System32\KERNELBASE.dll
0x00007fffd8c50000 - 0x00007fffd8d61000 	C:\WINDOWS\System32\ucrtbase.dll
0x00007fffbbe80000 - 0x00007fffbbe9b000 	C:\Users\gabriel.velez\.jdks\openjdk-19.0.2\bin\VCRUNTIME140.dll
0x00007fffbad30000 - 0x00007fffbad47000 	C:\Users\gabriel.velez\.jdks\openjdk-19.0.2\bin\jli.dll
0x00007fffda510000 - 0x00007fffda6bd000 	C:\WINDOWS\System32\USER32.dll
0x00007fffd92b0000 - 0x00007fffd92d6000 	C:\WINDOWS\System32\win32u.dll
0x00007fffbd550000 - 0x00007fffbd7f5000 	C:\WINDOWS\WinSxS\amd64_microsoft.windows.common-controls_6595b64144ccf1df_6.0.22000.120_none_9d947278b86cc467\COMCTL32.dll
0x00007fffd9da0000 - 0x00007fffd9dc9000 	C:\WINDOWS\System32\GDI32.dll
0x00007fffd93a0000 - 0x00007fffd9443000 	C:\WINDOWS\System32\msvcrt.dll
0x00007fffd90f0000 - 0x00007fffd9208000 	C:\WINDOWS\System32\gdi32full.dll
0x00007fffd9210000 - 0x00007fffd92ad000 	C:\WINDOWS\System32\msvcp_win.dll
0x00007fffd9d60000 - 0x00007fffd9d92000 	C:\WINDOWS\System32\IMM32.DLL
0x00007fffd8160000 - 0x00007fffd8262000 	C:\Program Files\Avecto\Privilege Guard Client\PGHook.dll
0x00007fffd92f0000 - 0x00007fffd939e000 	C:\WINDOWS\System32\ADVAPI32.dll
0x00007fffd97d0000 - 0x00007fffd986e000 	C:\WINDOWS\System32\sechost.dll
0x00007fffdaab0000 - 0x00007fffdabd0000 	C:\WINDOWS\System32\RPCRT4.dll
0x0000000068000000 - 0x0000000068073000 	C:\WINDOWS\System32\QIPCAP64.dll
0x00007fffdac50000 - 0x00007fffdb415000 	C:\WINDOWS\System32\SHELL32.dll
0x00007fffd7090000 - 0x00007fffd7178000 	C:\WINDOWS\SYSTEM32\DNSAPI.dll
0x00007fffd7060000 - 0x00007fffd708d000 	C:\WINDOWS\SYSTEM32\IPHLPAPI.DLL
0x00007fffd92e0000 - 0x00007fffd92e9000 	C:\WINDOWS\System32\NSI.dll
0x00007fffd3860000 - 0x00007fffd386c000 	C:\Users\gabriel.velez\.jdks\openjdk-19.0.2\bin\vcruntime140_1.dll
0x00007fffa3160000 - 0x00007fffa31ee000 	C:\Users\gabriel.velez\.jdks\openjdk-19.0.2\bin\msvcp140.dll
0x00007fff30840000 - 0x00007fff31500000 	C:\Users\gabriel.velez\.jdks\openjdk-19.0.2\bin\server\jvm.dll
0x00007fffb7b60000 - 0x00007fffb7b69000 	C:\WINDOWS\SYSTEM32\WSOCK32.dll
0x00007fffda9e0000 - 0x00007fffdaa4f000 	C:\WINDOWS\System32\WS2_32.dll
0x00007fffcf060000 - 0x00007fffcf093000 	C:\WINDOWS\SYSTEM32\WINMM.dll
0x00007fffd7420000 - 0x00007fffd742a000 	C:\WINDOWS\SYSTEM32\VERSION.dll
0x00007fffd7740000 - 0x00007fffd7758000 	C:\WINDOWS\SYSTEM32\kernel.appcore.dll
0x00007fffbc310000 - 0x00007fffbc31a000 	C:\Users\gabriel.velez\.jdks\openjdk-19.0.2\bin\jimage.dll
0x00007fffd5920000 - 0x00007fffd5b41000 	C:\WINDOWS\SYSTEM32\DBGHELP.DLL
0x00007fffbb870000 - 0x00007fffbb8a1000 	C:\WINDOWS\SYSTEM32\dbgcore.DLL
0x00007fffd8aa0000 - 0x00007fffd8b1f000 	C:\WINDOWS\System32\bcryptPrimitives.dll
0x00007fffcf0a0000 - 0x00007fffcf0ae000 	C:\Users\gabriel.velez\.jdks\openjdk-19.0.2\bin\instrument.dll
0x00007fffa8720000 - 0x00007fffa8746000 	C:\Users\gabriel.velez\.jdks\openjdk-19.0.2\bin\java.dll
0x00007fffa2fb0000 - 0x00007fffa3087000 	C:\Users\gabriel.velez\.jdks\openjdk-19.0.2\bin\jsvml.dll
0x00007fffd6210000 - 0x00007fffd6a75000 	C:\WINDOWS\SYSTEM32\windows.storage.dll
0x00007fffd9450000 - 0x00007fffd97c8000 	C:\WINDOWS\System32\combase.dll
0x00007fffd60a0000 - 0x00007fffd6206000 	C:\WINDOWS\SYSTEM32\wintypes.dll
0x00007fffd98f0000 - 0x00007fffd99da000 	C:\WINDOWS\System32\SHCORE.dll
0x00007fffda7e0000 - 0x00007fffda83d000 	C:\WINDOWS\System32\shlwapi.dll
0x00007fffd8860000 - 0x00007fffd8881000 	C:\WINDOWS\SYSTEM32\profapi.dll
0x00007fffb7c40000 - 0x00007fffb7c58000 	C:\Users\gabriel.velez\.jdks\openjdk-19.0.2\bin\zip.dll
0x00007fffbacf0000 - 0x00007fffbad03000 	C:\Users\gabriel.velez\.jdks\openjdk-19.0.2\bin\net.dll
0x00007fffd7760000 - 0x00007fffd7874000 	C:\WINDOWS\SYSTEM32\WINHTTP.dll
0x00007fffd7cf0000 - 0x00007fffd7d57000 	C:\WINDOWS\system32\mswsock.dll
0x00007fffb8260000 - 0x00007fffb8276000 	C:\Users\gabriel.velez\.jdks\openjdk-19.0.2\bin\nio.dll
0x00007fffb19e0000 - 0x00007fffb19fa000 	C:\Program Files\JetBrains\IntelliJ IDEA Community Edition 2022.3.2\bin\breakgen64.dll
0x00007fffb8470000 - 0x00007fffb8478000 	C:\Users\gabriel.velez\.jdks\openjdk-19.0.2\bin\extnet.dll
0x00007fffd8040000 - 0x00007fffd8058000 	C:\WINDOWS\SYSTEM32\CRYPTSP.dll
0x00007fffd76a0000 - 0x00007fffd76d5000 	C:\WINDOWS\system32\rsaenh.dll
0x00007fffd7d90000 - 0x00007fffd7db9000 	C:\WINDOWS\SYSTEM32\USERENV.dll
0x00007fffd82c0000 - 0x00007fffd82e7000 	C:\WINDOWS\SYSTEM32\bcrypt.dll
0x00007fffd7ee0000 - 0x00007fffd7eec000 	C:\WINDOWS\SYSTEM32\CRYPTBASE.dll
0x00007fffcec90000 - 0x00007fffceca9000 	C:\WINDOWS\SYSTEM32\dhcpcsvc6.DLL
0x00007fffcece0000 - 0x00007fffcecfe000 	C:\WINDOWS\SYSTEM32\dhcpcsvc.DLL
0x00007fffc40f0000 - 0x00007fffc40fa000 	C:\Windows\System32\rasadhlp.dll
0x00007fffced10000 - 0x00007fffced91000 	C:\WINDOWS\System32\fwpuclnt.dll
0x00007fffb6e00000 - 0x00007fffb6e0e000 	C:\Users\gabriel.velez\.jdks\openjdk-19.0.2\bin\sunmscapi.dll
0x00007fffd8930000 - 0x00007fffd8a92000 	C:\WINDOWS\System32\CRYPT32.dll
0x00007fffd8270000 - 0x00007fffd8298000 	C:\WINDOWS\SYSTEM32\ncrypt.dll
0x00007fffd8120000 - 0x00007fffd8157000 	C:\WINDOWS\SYSTEM32\NTASN1.dll
0x00007fffb6e10000 - 0x00007fffb6e20000 	C:\Users\gabriel.velez\.jdks\openjdk-19.0.2\bin\verify.dll
0x00007fffd9f20000 - 0x00007fffd9f28000 	C:\WINDOWS\System32\psapi.dll

dbghelp: loaded successfully - version: 4.0.5 - missing functions: none
symbol engine: initialized successfully - sym options: 0x614 - pdb path: .;C:\Users\gabriel.velez\.jdks\openjdk-19.0.2\bin;C:\WINDOWS\SYSTEM32;C:\WINDOWS\WinSxS\amd64_microsoft.windows.common-controls_6595b64144ccf1df_6.0.22000.120_none_9d947278b86cc467;C:\Program Files\Avecto\Privilege Guard Client;C:\Users\gabriel.velez\.jdks\openjdk-19.0.2\bin\server;C:\Program Files\JetBrains\IntelliJ IDEA Community Edition 2022.3.2\bin

VM Arguments:
jvm_args: -ea -Didea.test.cyclic.buffer.size=1048576 -javaagent:C:\Program Files\JetBrains\IntelliJ IDEA Community Edition 2022.3.2\lib\idea_rt.jar=58886:C:\Program Files\JetBrains\IntelliJ IDEA Community Edition 2022.3.2\bin -Dfile.encoding=UTF-8 -Dsun.stdout.encoding=UTF-8 -Dsun.stderr.encoding=UTF-8 
java_command: com.intellij.rt.testng.RemoteTestNGStarter -usedefaultlisteners false -socket58885 @w@C:\Users\gabriel.velez\AppData\Local\Temp\idea_working_dirs_testng.tmp -temp C:\Users\gabriel.velez\AppData\Local\Temp\idea_testng.tmp
java_class_path (initial): C:\Program Files\JetBrains\IntelliJ IDEA Community Edition 2022.3.2\lib\idea_rt.jar;C:\Program Files\JetBrains\IntelliJ IDEA Community Edition 2022.3.2\plugins\testng\lib\testng-rt.jar;C:\Users\gabriel.velez\IdeaProjects\Academia_Automation_V2\target\test-classes;C:\Users\gabriel.velez\IdeaProjects\Academia_Automation_V2\target\classes;C:\Users\gabriel.velez\.m2\repository\org\seleniumhq\selenium\selenium-server\3.141.59\selenium-server-3.141.59.jar;C:\Users\gabriel.velez\.m2\repository\org\seleniumhq\selenium\selenium-java\3.141.59\selenium-java-3.141.59.jar;C:\Users\gabriel.velez\.m2\repository\org\seleniumhq\selenium\selenium-api\3.141.59\selenium-api-3.141.59.jar;C:\Users\gabriel.velez\.m2\repository\org\seleniumhq\selenium\selenium-chrome-driver\3.141.59\selenium-chrome-driver-3.141.59.jar;C:\Users\gabriel.velez\.m2\repository\org\seleniumhq\selenium\selenium-edge-driver\3.141.59\selenium-edge-driver-3.141.59.jar;C:\Users\gabriel.velez\.m2\repository\org\seleniumhq\selenium\selenium-firefox-driver\3.141.59\selenium-firefox-driver-3.141.59.jar;C:\Users\gabriel.velez\.m2\repository\org\seleniumhq\selenium\selenium-ie-driver\3.141.59\selenium-ie-driver-3.141.59.jar;C:\Users\gabriel.velez\.m2\repository\org\seleniumhq\selenium\selenium-opera-driver\3.141.59\selenium-opera-driver-3.141.59.jar;C:\Users\gabriel.velez\.m2\repository\org\seleniumhq\selenium\selenium-remote-driver\3.141.59\selenium-remote-driver-3.141.59.jar;C:\Users\gabriel.velez\.m2\repository\org\seleniumhq\selenium\selenium-safari-driver\3.141.59\selenium-safari-driver-3.141.59.jar;C:\Users\gabriel.velez\.m2\repository\com\beust\jcommander\1.72\jcommander-1.72.jar;C:\Users\gabriel.velez\.m2\repository\net\bytebuddy\byte-buddy\1.8.15\byte-buddy-1.8.15.jar;C:\Users\gabriel.velez\.m2\repository\org\apache\commons\commons-exec\1.3\commons-exec-1.3.jar;C:\Users\gabriel.velez\.m2\repository\com\google\guava\guava\25.0-jre\guava-25.0-jre.jar;C:\Users\gabriel.velez\.m2\repository\com\google\code\findbugs\jsr305\1.3.9\jsr305-1.3.9.jar;C:\Users\gabriel.velez\.m2\repository\org\checkerframework\checker-compat-qual\2.0.0\checker-compat-qual-2.0.0.jar;C:\Users\gabriel.velez\.m2\repository\com\google\errorprone\error_prone_annotations\2.1.3\error_prone_annotations-2.1.3.jar;C:\Users\gabriel.velez\.m2\repository\com\google\j2objc\j2objc-annotations\1.1\j2objc-annotations-1.1.jar;C:\Users\gabriel.velez\.m2\repository\org\codehaus\mojo\animal-sniffer-annotations\1.14\animal-sniffer-annotations-1.14.jar;C:\Users\gabriel.velez\.m2\repository\net\jcip\jcip-annotations\1.0\jcip-annotations-1.0.jar;C:\Users\gabriel.velez\.m2\repository\org\seleniumhq\selenium\jetty-repacked\9.4.12.v20180830\jetty-repacked-9.4.12.v20180830.jar;C:\Users\gabriel.velez\.m2\repository\com\squareup\okhttp3\okhttp\3.11.0\okhttp-3.11.0.jar;C:\Users\gabriel.velez\.m2\repository\com\squareup\okio\okio\1.14.0\okio-1.14.0.jar;C:\Users\gabriel.velez\.m2\repository\javax\servlet\javax.servlet-api\3.1.0\javax.servlet-api-3.1.0.jar;C:\Users\gabriel.velez\.m2\repository\org\yaml\snakeyaml\1.19\snakeyaml-1.19.jar;C:\Users\gabriel.velez\.m2\repository\org\testng\testng\7.1.0\testng-7.1.0.jar;C:\Users\gabriel.velez\.m2\repository\com\google\inject\guice\4.1.0\guice-4.1.0-no_aop.jar;C:\Users\gabriel.velez\.m2\repository\javax\inject\javax.inject\1\javax.inject-1.jar;C:\Users\gabriel.velez\.m2\repository\aopalliance\aopalliance\1.0\aopalliance-1.0.jar;C:\Users\gabriel.velez\.m2\repository\org\apache\maven\plugins\maven-surefire-plugin\3.0.0-M4\maven-surefire-plugin-3.0.0-M4.jar;C:\Users\gabriel.velez\.m2\repository\org\apache\maven\surefire\maven-surefire-common\3.0.0-M4\maven-surefire-common-3.0.0-M4.jar;C:\Users\gabriel.velez\.m2\repository\org\apache\maven\surefire\surefire-api\3.0.0-M4\surefire-api-3.0.0-M4.jar;C:\Users\gabriel.velez\.m2\repository\org\apache\maven\surefire\surefire-logger-api\3.0.0-M4\surefire-logger-api-3.0.0-M4.jar;C:\Users\gabriel.velez\.m2\repository\org\apache\maven\surefire\surefire-extensions-api\3.0.0-M4\surefire-extensions-api-3.0.0-M4.jar;C:\Users\gabriel.velez\.m2\repository\org\apache\maven\surefire\surefire-booter\3.0.0-M4\surefire-booter-3.0.0-M4.jar;C:\Users\gabriel.velez\.m2\repository\org\apache\maven\maven-toolchain\3.0-alpha-2\maven-toolchain-3.0-alpha-2.jar;C:\Users\gabriel.velez\.m2\repository\org\apache\maven\shared\maven-artifact-transfer\0.11.0\maven-artifact-transfer-0.11.0.jar;C:\Users\gabriel.velez\.m2\repository\org\apache\maven\shared\maven-common-artifact-filters\3.0.1\maven-common-artifact-filters-3.0.1.jar;C:\Users\gabriel.velez\.m2\repository\org\apache\maven\maven-model\3.0\maven-model-3.0.jar;C:\Users\gabriel.velez\.m2\repository\org\apache\maven\maven-plugin-api\3.0\maven-plugin-api-3.0.jar;C:\Users\gabriel.velez\.m2\repository\org\sonatype\sisu\sisu-inject-plexus\1.4.2\sisu-inject-plexus-1.4.2.jar;C:\Users\gabriel.velez\.m2\repository\org\codehaus\plexus\plexus-classworlds\2.2.3\plexus-classworlds-2.2.3.jar;C:\Users\gabriel.velez\.m2\repository\org\sonatype\sisu\sisu-inject-bean\1.4.2\sisu-inject-bean-1.4.2.jar;C:\Users\gabriel.velez\.m2\repository\org\sonatype\sisu\sisu-guice\2.1.7\sisu-guice-2.1.7-noaop.jar;C:\Users\gabriel.velez\.m2\repository\org\apache\maven\shared\maven-shared-utils\3.1.0\maven-shared-utils-3.1.0.jar;C:\Users\gabriel.velez\.m2\repository\commons-io\commons-io\2.5\commons-io-2.5.jar;C:\Users\gabriel.velez\.m2\repository\commons-codec\commons-codec\1.11\commons-codec-1.11.jar;C:\Users\gabriel.velez\.m2\repository\org\codehaus\plexus\plexus-java\1.0.3\plexus-java-1.0.3.jar;C:\Users\gabriel.velez\.m2\repository\org\ow2\asm\asm\7.0\asm-7.0.jar;C:\Users\gabriel.velez\.m2\repository\com\thoughtworks\qdox\qdox\2.0-M9\qdox-2.0-M9.jar;C:\Users\gabriel.velez\.m2\repository\org\seleniumhq\selenium\selenium-support\3.141.59\selenium-support-3.141.59.jar
Launcher Type: SUN_STANDARD

[Global flags]
     intx CICompilerCount                          = 4                                         {product} {ergonomic}
     uint ConcGCThreads                            = 2                                         {product} {ergonomic}
     uint G1ConcRefinementThreads                  = 8                                         {product} {ergonomic}
   size_t G1HeapRegionSize                         = 1048576                                   {product} {ergonomic}
    uintx GCDrainStackTargetSize                   = 64                                        {product} {ergonomic}
   size_t InitialHeapSize                          = 132120576                                 {product} {ergonomic}
   size_t MarkStackSize                            = 4194304                                   {product} {ergonomic}
   size_t MaxHeapSize                              = 2097152000                                {product} {ergonomic}
   size_t MaxNewSize                               = 1258291200                                {product} {ergonomic}
   size_t MinHeapDeltaBytes                        = 1048576                                   {product} {ergonomic}
   size_t MinHeapSize                              = 8388608                                   {product} {ergonomic}
    uintx NonNMethodCodeHeapSize                   = 5839372                                {pd product} {ergonomic}
    uintx NonProfiledCodeHeapSize                  = 122909434                              {pd product} {ergonomic}
    uintx ProfiledCodeHeapSize                     = 122909434                              {pd product} {ergonomic}
    uintx ReservedCodeCacheSize                    = 251658240                              {pd product} {ergonomic}
     bool SegmentedCodeCache                       = true                                      {product} {ergonomic}
   size_t SoftMaxHeapSize                          = 2097152000                             {manageable} {ergonomic}
     bool UseCompressedClassPointers               = true                           {product lp64_product} {ergonomic}
     bool UseCompressedOops                        = true                           {product lp64_product} {ergonomic}
     bool UseG1GC                                  = true                                      {product} {ergonomic}
     bool UseLargePagesIndividualAllocation        = false                                  {pd product} {ergonomic}

Logging:
Log output configuration:
 #0: stdout all=warning uptime,level,tags foldmultilines=false
 #1: stderr all=off uptime,level,tags foldmultilines=false

Environment Variables:
JAVA_HOME=C:\Program Files\Java\jdk-19
PATH=C:\Program Files\Common Files\Oracle\Java\javapath;C:\Program Files (x86)\Common Files\Oracle\Java\javapath;C:\Program Files (x86)\RSA SecurID Token Common;C:\Program Files\RSA SecurID Token Common;C:\WINDOWS\system32;C:\WINDOWS;C:\WINDOWS\System32\Wbem;C:\WINDOWS\System32\WindowsPowerShell\v1.0\;C:\WINDOWS\System32\OpenSSH\;C:\Program Files\Java\jdk-19\bin;C:\Program Files (x86)\Symantec\VIP Access Client\;C:\Program Files (x86)\Pulse Secure\VC142.CRT\X64\;C:\Program Files (x86)\Pulse Secure\VC142.CRT\X86\;C:\Program Files (x86)\Common Files\Pulse Secure\VC142.CRT\X64\;C:\Program Files (x86)\Common Files\Pulse Secure\VC142.CRT\X86\;C:\Program Files (x86)\dotnet\;C:\Program Files\dotnet\;C:\Program Files\Java\jdk-19\bin;C:\apache-maven-3.9.0\bin;C:\Program Files\RSA SecurID Token Common\;C:\Users\gabriel.velez\AppData\Local\Microsoft\WindowsApps;C:\Program Files\JetBrains\IntelliJ IDEA Community Edition 2022.3.2\bin;;C:\Program Files\Java\jdk-19\bin;
USERNAME=gabriel.velez
OS=Windows_NT
PROCESSOR_IDENTIFIER=Intel64 Family 6 Model 142 Stepping 12, GenuineIntel
TMP=C:\Users\GABRIE~1.VEL\AppData\Local\Temp
TEMP=C:\Users\GABRIE~1.VEL\AppData\Local\Temp



---------------  S Y S T E M  ---------------

OS:
 Windows 11 , 64 bit Build 22000 (10.0.22000.1516)
OS uptime: 1 days 6:58 hours
Hyper-V role detected

CPU: total 8 (initial active 8) (4 cores per cpu, 2 threads per core) family 6 model 142 stepping 12 microcode 0xec, cx8, cmov, fxsr, ht, mmx, 3dnowpref, sse, sse2, sse3, ssse3, sse4.1, sse4.2, popcnt, lzcnt, tsc, tscinvbit, avx, avx2, aes, erms, clmul, bmi1, bmi2, adx, fma, vzeroupper, clflush, clflushopt, hv, rdtscp

Memory: 4k page, system-wide physical 7998M (299M free)
TotalPageFile size 23075M (AvailPageFile size 3M)
current process WorkingSet (physical memory assigned to process): 92M, peak: 96M
current process commit charge ("private bytes"): 235M, peak: 237M

vm_info: OpenJDK 64-Bit Server VM (19.0.2+7-44) for windows-amd64 JRE (19.0.2+7-44), built on 2022-11-30T18:02:09Z by "mach5one" with MS VC++ 17.1 (VS2022)

END.
